<?xml version="1.0" encoding="UTF-8"?>
<!-- Generated by org.testng.reporters.JUnitReportReporter -->
<testsuite skipped="0" hostname="PR020921" name="discovery.AdvancedSearchOnTest.AS_AutoLookUp_ByGovernmentDepartment" tests="1" failures="0" timestamp="10 Jan 2018 12:35:31 GMT" time="20.352" errors="0">
  <testcase name="verifyLookUp" time="20.352" classname="discovery.AdvancedSearchOnTest.AS_AutoLookUp_ByGovernmentDepartment"/>
</testsuite> <!-- discovery.AdvancedSearchOnTest.AS_AutoLookUp_ByGovernmentDepartment -->
