<?xml version="1.0" encoding="UTF-8"?>
<!-- Generated by org.testng.reporters.JUnitReportReporter -->
<testsuite skipped="0" hostname="PR020921" name="discovery.BasicSearchOnTest.BS_VerifyTotalNoOfRRecordsAndRecordCreators" tests="1" failures="0" timestamp="10 Jan 2018 12:35:31 GMT" time="32.946" errors="0">
  <testcase name="VerifyTotalNoOfRRecordsAndRecordCreators" time="32.946" classname="discovery.BasicSearchOnTest.BS_VerifyTotalNoOfRRecordsAndRecordCreators"/>
</testsuite> <!-- discovery.BasicSearchOnTest.BS_VerifyTotalNoOfRRecordsAndRecordCreators -->
