<?xml version="1.0" encoding="UTF-8"?>
<!-- Generated by org.testng.reporters.JUnitReportReporter -->
<testsuite skipped="0" hostname="PR020921" name="discovery.Ecommerce.Dsa1939registerClickNo" tests="1" failures="0" timestamp="05 Jan 2018 09:53:30 GMT" time="83.804" errors="0">
  <testcase name="Dsa1939registerClickNo" time="83.804" classname="discovery.Ecommerce.Dsa1939registerClickNo"/>
</testsuite> <!-- discovery.Ecommerce.Dsa1939registerClickNo -->
