<?xml version="1.0" encoding="UTF-8"?>
<!-- Generated by org.testng.reporters.JUnitReportReporter -->
<testsuite skipped="0" hostname="PR020921" name="discovery.AdvancedSearchOnLive.AS_AutoLookUp_ByGovernmentDepartment" tests="1" failures="0" timestamp="15 Nov 2017 14:33:53 GMT" time="21.877" errors="0">
  <testcase name="verifyAutoLookUp_ByGovernmentDepartment" time="21.877" classname="discovery.AdvancedSearchOnLive.AS_AutoLookUp_ByGovernmentDepartment"/>
</testsuite> <!-- discovery.AdvancedSearchOnLive.AS_AutoLookUp_ByGovernmentDepartment -->
