<?xml version="1.0" encoding="UTF-8"?>
<!-- Generated by org.testng.reporters.JUnitReportReporter -->
<testsuite skipped="0" hostname="PR020921" name="discovery.FindAnAichiveOnTest.FA_UsingMap" tests="2" failures="0" timestamp="04 Jan 2018 16:35:28 GMT" time="34.951" errors="0">
  <testcase name="usingmap" time="18.155" classname="discovery.FindAnAichiveOnTest.FA_UsingMap"/>
  <testcase name="BrowseCountryname2" time="16.796" classname="discovery.FindAnAichiveOnTest.FA_UsingMap"/>
</testsuite> <!-- discovery.FindAnAichiveOnTest.FA_UsingMap -->
