<?xml version="1.0" encoding="UTF-8"?>
<!-- Generated by org.testng.reporters.JUnitReportReporter -->
<testsuite skipped="0" hostname="PR020921" name="browserStack.BrowserStackSafariDataProvider" tests="3" failures="0" timestamp="02 Nov 2017 14:51:17 GMT" time="233.063" errors="0">
  <testcase name="BrowserStack" time="94.694" classname="browserStack.BrowserStackSafariDataProvider"/>
  <testcase name="BrowserStack" time="83.761" classname="browserStack.BrowserStackSafariDataProvider"/>
  <testcase name="BrowserStack" time="54.608" classname="browserStack.BrowserStackSafariDataProvider"/>
</testsuite> <!-- browserStack.BrowserStackSafariDataProvider -->
