<?xml version="1.0" encoding="UTF-8"?>
<!-- Generated by org.testng.reporters.JUnitReportReporter -->
<testsuite skipped="0" hostname="PR020921" name="discovery.ManorSearchOnTest.MS_ByMonor_VerifyRecordsCreator" tests="1" failures="0" timestamp="17 Nov 2017 15:17:54 GMT" time="16.757" errors="0">
  <testcase name="ByMonor_VerifyRecordsCreator" time="16.757" classname="discovery.ManorSearchOnTest.MS_ByMonor_VerifyRecordsCreator"/>
</testsuite> <!-- discovery.ManorSearchOnTest.MS_ByMonor_VerifyRecordsCreator -->
