<?xml version="1.0" encoding="UTF-8"?>
<!-- Generated by org.testng.reporters.JUnitReportReporter -->
<testsuite skipped="0" hostname="PR020921" name="discovery.AdvancedSearchOnTest.AS_ClosureStatus_close_SpecificDate" tests="1" failures="0" timestamp="10 Jan 2018 12:35:32 GMT" time="41.628" errors="0">
  <testcase name="close_SpecificDate" time="41.628" classname="discovery.AdvancedSearchOnTest.AS_ClosureStatus_close_SpecificDate"/>
</testsuite> <!-- discovery.AdvancedSearchOnTest.AS_ClosureStatus_close_SpecificDate -->
