<?xml version="1.0" encoding="UTF-8"?>
<!-- Generated by org.testng.reporters.JUnitReportReporter -->
<testsuite skipped="0" hostname="PR020921" name="discovery.BasicSearchOnTest.BS_NoOfRecordsPerPage15And30And60" tests="3" failures="0" timestamp="04 Jan 2018 16:35:29 GMT" time="72.210" errors="0">
  <testcase name="defalutRecordsPerPage" time="19.338" classname="discovery.BasicSearchOnTest.BS_NoOfRecordsPerPage15And30And60"/>
  <testcase name="click30" time="25.723" classname="discovery.BasicSearchOnTest.BS_NoOfRecordsPerPage15And30And60"/>
  <testcase name="click60" time="27.149" classname="discovery.BasicSearchOnTest.BS_NoOfRecordsPerPage15And30And60"/>
</testsuite> <!-- discovery.BasicSearchOnTest.BS_NoOfRecordsPerPage15And30And60 -->
