<?xml version="1.0" encoding="UTF-8"?>
<!-- Generated by org.testng.reporters.JUnitReportReporter -->
<testsuite skipped="0" hostname="PR020921" name="discovery.DetailPageOnLive.DetailPage_ErrorOnRecordDescription" tests="1" failures="0" timestamp="20 Nov 2017 10:25:55 GMT" time="11.291" errors="0">
  <testcase name="DetailPage_ErrorOnRecordDescription" time="11.291" classname="discovery.DetailPageOnLive.DetailPage_ErrorOnRecordDescription"/>
</testsuite> <!-- discovery.DetailPageOnLive.DetailPage_ErrorOnRecordDescription -->
