<?xml version="1.0" encoding="UTF-8"?>
<!-- Generated by org.testng.reporters.JUnitReportReporter -->
<testsuite skipped="0" hostname="PR020921" name="discovery.SingleSignOnTest.SS_clickRegisterwithInvalidEmail" tests="1" failures="0" timestamp="10 Jan 2018 12:35:31 GMT" time="9.847" errors="0">
  <testcase name="clickRegisterwithInvalidEmail" time="9.847" classname="discovery.SingleSignOnTest.SS_clickRegisterwithInvalidEmail"/>
</testsuite> <!-- discovery.SingleSignOnTest.SS_clickRegisterwithInvalidEmail -->
