<?xml version="1.0" encoding="UTF-8"?>
<!-- Generated by org.testng.reporters.JUnitReportReporter -->
<testsuite skipped="0" hostname="PR020921" name="cabinetPapersSearch.CabinetPapers_EntireDocument" tests="1" failures="0" timestamp="10 Jan 2018 12:35:30 GMT" time="7.765" errors="0">
  <testcase name="cabinetSearch" time="7.765" classname="cabinetPapersSearch.CabinetPapers_EntireDocument"/>
</testsuite> <!-- cabinetPapersSearch.CabinetPapers_EntireDocument -->
