<?xml version="1.0" encoding="UTF-8"?>
<!-- Generated by org.testng.reporters.JUnitReportReporter -->
<testsuite skipped="0" hostname="PR020921" name="dicovery.DeliveryOption.DigitizedAvailableButNotDownloadableAtPieceLevel" tests="1" failures="0" timestamp="04 Jan 2018 16:35:28 GMT" time="9.998" errors="0">
  <testcase name="digitizedAvailableButNotDownlodableAtPieceLevel" time="9.998" classname="dicovery.DeliveryOption.DigitizedAvailableButNotDownloadableAtPieceLevel"/>
</testsuite> <!-- dicovery.DeliveryOption.DigitizedAvailableButNotDownloadableAtPieceLevel -->
