<?xml version="1.0" encoding="UTF-8"?>
<!-- Generated by org.testng.reporters.JUnitReportReporter -->
<testsuite skipped="0" hostname="PR020921" name="dicovery.DeliveryOption.ClosedFOIReview" tests="1" failures="0" timestamp="04 Jan 2018 16:35:31 GMT" time="9.127" errors="0">
  <testcase name="closedFoiReview" time="9.127" classname="dicovery.DeliveryOption.ClosedFOIReview"/>
</testsuite> <!-- dicovery.DeliveryOption.ClosedFOIReview -->
