<?xml version="1.0" encoding="UTF-8"?>
<!-- Generated by org.testng.reporters.JUnitReportReporter -->
<testsuite skipped="0" hostname="PR020921" name="dicovery.DeliveryOption.ClosedFOIReview" tests="1" failures="0" timestamp="10 Jan 2018 12:35:32 GMT" time="10.435" errors="0">
  <testcase name="closedFoiReview" time="10.435" classname="dicovery.DeliveryOption.ClosedFOIReview"/>
</testsuite> <!-- dicovery.DeliveryOption.ClosedFOIReview -->
