<?xml version="1.0" encoding="UTF-8"?>
<!-- Generated by org.testng.reporters.JUnitReportReporter -->
<testsuite skipped="0" hostname="PR020921" name="searchForRepositories_API.Discovery_API_SearchForRepositories_Archives" tests="1" failures="0" timestamp="10 Jan 2018 12:35:31 GMT" time="0.071" errors="0">
  <testcase name="verifySearchforRepositories" time="0.071" classname="searchForRepositories_API.Discovery_API_SearchForRepositories_Archives"/>
</testsuite> <!-- searchForRepositories_API.Discovery_API_SearchForRepositories_Archives -->
