<?xml version="1.0" encoding="UTF-8"?>
<!-- Generated by org.testng.reporters.JUnitReportReporter -->
<testsuite skipped="0" hostname="PR020921" name="discovery.DetailPageOnTest.DetailPage_CouldThisPageBeImproved_Yes" tests="1" failures="0" timestamp="10 Jan 2018 12:35:31 GMT" time="6.563" errors="0">
  <testcase name="DetailPage_CouldThisPageBeImproved_Yes" time="6.563" classname="discovery.DetailPageOnTest.DetailPage_CouldThisPageBeImproved_Yes"/>
</testsuite> <!-- discovery.DetailPageOnTest.DetailPage_CouldThisPageBeImproved_Yes -->
