<?xml version="1.0" encoding="UTF-8"?>
<!-- Generated by org.testng.reporters.JUnitReportReporter -->
<testsuite skipped="0" hostname="PR020921" name="discovery.TagOnTest.AddTag" tests="1" failures="0" timestamp="05 Jan 2018 10:39:15 GMT" time="20.910" errors="0">
  <testcase name="tag" time="20.910" classname="discovery.TagOnTest.AddTag"/>
</testsuite> <!-- discovery.TagOnTest.AddTag -->
