<?xml version="1.0" encoding="UTF-8"?>
<!-- Generated by org.testng.reporters.JUnitReportReporter -->
<testsuite skipped="0" hostname="PR020921" name="discovery.AdvancedSearchOnTest.AS_ClosureStatus_Retained_AnyTime" tests="1" failures="0" timestamp="04 Jan 2018 16:35:29 GMT" time="31.340" errors="0">
  <testcase name="Retained_AnyTime" time="31.340" classname="discovery.AdvancedSearchOnTest.AS_ClosureStatus_Retained_AnyTime"/>
</testsuite> <!-- discovery.AdvancedSearchOnTest.AS_ClosureStatus_Retained_AnyTime -->
