<?xml version="1.0" encoding="UTF-8"?>
<!-- Generated by org.testng.reporters.JUnitReportReporter -->
<testsuite skipped="0" hostname="PR020921" name="records_API.Discovery_API_Records_Children_parentID" tests="1" failures="0" timestamp="04 Jan 2018 16:35:28 GMT" time="0.138" errors="0">
  <testcase name="verifyRecords_Details" time="0.138" classname="records_API.Discovery_API_Records_Children_parentID"/>
</testsuite> <!-- records_API.Discovery_API_Records_Children_parentID -->
