<?xml version="1.0" encoding="UTF-8"?>
<!-- Generated by org.testng.reporters.JUnitReportReporter -->
<testsuite skipped="0" hostname="PR020921" name="discovery.FindAnAichiveOnTest.FA_ExportAllRecordsAsCSV" tests="1" failures="0" timestamp="04 Jan 2018 16:35:29 GMT" time="43.370" errors="0">
  <testcase name="ExportAllRecordsAsCSV" time="43.370" classname="discovery.FindAnAichiveOnTest.FA_ExportAllRecordsAsCSV"/>
</testsuite> <!-- discovery.FindAnAichiveOnTest.FA_ExportAllRecordsAsCSV -->
