<?xml version="1.0" encoding="UTF-8"?>
<!-- Generated by org.testng.reporters.JUnitReportReporter -->
<testsuite skipped="0" hostname="PR020921" name="discovery.FindAnAichiveOnTest.FA_Export1000RecordsAsXML" tests="1" failures="0" timestamp="10 Jan 2018 12:35:30 GMT" time="34.045" errors="0">
  <testcase name="Export1000RecordsAsXML" time="34.045" classname="discovery.FindAnAichiveOnTest.FA_Export1000RecordsAsXML"/>
</testsuite> <!-- discovery.FindAnAichiveOnTest.FA_Export1000RecordsAsXML -->
