<?xml version="1.0" encoding="UTF-8"?>
<!-- Generated by org.testng.reporters.JUnitReportReporter -->
<testsuite skipped="0" hostname="PR020921" name="discovery.CrossbrowserTesting.accessUnderReview" tests="3" failures="0" timestamp="13 Oct 2017 15:15:01 GMT" time="68.034" errors="0">
  <testcase name="accessUnderReview" time="21.684" classname="discovery.CrossbrowserTesting.accessUnderReview"/>
  <testcase name="accessUnderReview" time="20.319" classname="discovery.CrossbrowserTesting.accessUnderReview"/>
  <testcase name="accessUnderReview" time="26.031" classname="discovery.CrossbrowserTesting.accessUnderReview"/>
</testsuite> <!-- discovery.CrossbrowserTesting.accessUnderReview -->
