<?xml version="1.0" encoding="UTF-8"?>
<!-- Generated by org.testng.reporters.JUnitReportReporter -->
<testsuite skipped="0" hostname="PR020921" name="discovery.AdvancedSearchOnTest.AS_SearchOtherArchives" tests="1" failures="0" timestamp="10 Jan 2018 12:35:32 GMT" time="20.153" errors="0">
  <testcase name="SearchOtherArchives" time="20.153" classname="discovery.AdvancedSearchOnTest.AS_SearchOtherArchives"/>
</testsuite> <!-- discovery.AdvancedSearchOnTest.AS_SearchOtherArchives -->
