<?xml version="1.0" encoding="UTF-8"?>
<!-- Generated by org.testng.reporters.JUnitReportReporter -->
<testsuite skipped="0" hostname="PR020921" name="dicovery.DeliveryOption.LocalArchive" tests="1" failures="0" timestamp="04 Jan 2018 16:35:31 GMT" time="10.394" errors="0">
  <testcase name="localArchive" time="10.394" classname="dicovery.DeliveryOption.LocalArchive"/>
</testsuite> <!-- dicovery.DeliveryOption.LocalArchive -->
