<?xml version="1.0" encoding="UTF-8"?>
<!-- Generated by org.testng.reporters.JUnitReportReporter -->
<testsuite skipped="0" hostname="PR020921" name="dicovery.DeliveryOption.AV_Media" tests="1" failures="0" timestamp="04 Jan 2018 16:35:28 GMT" time="10.242" errors="0">
  <testcase name="AV_Media" time="10.242" classname="dicovery.DeliveryOption.AV_Media"/>
</testsuite> <!-- dicovery.DeliveryOption.AV_Media -->
