<?xml version="1.0" encoding="UTF-8"?>
<!-- Generated by org.testng.reporters.JUnitReportReporter -->
<testsuite skipped="0" hostname="PR020921" name="discovery.AdvancedSearchOnLive.AS_RecordCreator_CreatorType_CheckBox_Years" tests="1" failures="0" timestamp="25 Oct 2017 14:05:39 GMT" time="35.182" errors="0">
  <testcase name="CreatorType_CheckBox_Years" time="35.182" classname="discovery.AdvancedSearchOnLive.AS_RecordCreator_CreatorType_CheckBox_Years"/>
</testsuite> <!-- discovery.AdvancedSearchOnLive.AS_RecordCreator_CreatorType_CheckBox_Years -->
