<?xml version="1.0" encoding="UTF-8"?>
<!-- Generated by org.testng.reporters.JUnitReportReporter -->
<testsuite skipped="0" hostname="PR020921" name="discovery.SingleSignOnTest.SS_ForgttenPassword" tests="1" failures="0" timestamp="04 Jan 2018 16:35:30 GMT" time="8.480" errors="0">
  <testcase name="forgotten_Password" time="8.480" classname="discovery.SingleSignOnTest.SS_ForgttenPassword"/>
</testsuite> <!-- discovery.SingleSignOnTest.SS_ForgttenPassword -->
