<?xml version="1.0" encoding="UTF-8"?>
<!-- Generated by org.testng.reporters.JUnitReportReporter -->
<testsuite skipped="0" hostname="PR020921" name="discovery.Ecommerce.Foi1939register" tests="1" failures="0" timestamp="04 Jan 2018 16:35:27 GMT" time="54.435" errors="0">
  <testcase name="Foi1939register" time="54.435" classname="discovery.Ecommerce.Foi1939register"/>
</testsuite> <!-- discovery.Ecommerce.Foi1939register -->
