<?xml version="1.0" encoding="UTF-8"?>
<!-- Generated by org.testng.reporters.JUnitReportReporter -->
<testsuite skipped="0" hostname="PR020921" name="dicovery.DeliveryOption.Collectioncare" tests="1" failures="0" timestamp="10 Jan 2018 12:35:32 GMT" time="12.998" errors="0">
  <testcase name="collectionCare" time="12.998" classname="dicovery.DeliveryOption.Collectioncare"/>
</testsuite> <!-- dicovery.DeliveryOption.Collectioncare -->
