<?xml version="1.0" encoding="UTF-8"?>
<!-- Generated by org.testng.reporters.JUnitReportReporter -->
<testsuite skipped="0" hostname="PR020921" name="discovery.BasicSearchOnTest.BS_LessThan10000ExportAllRecordsAsCSV" tests="1" failures="0" timestamp="10 Jan 2018 12:35:31 GMT" time="43.863" errors="0">
  <testcase name="LessThan10000ExportAllRecordsAsCSV" time="43.863" classname="discovery.BasicSearchOnTest.BS_LessThan10000ExportAllRecordsAsCSV"/>
</testsuite> <!-- discovery.BasicSearchOnTest.BS_LessThan10000ExportAllRecordsAsCSV -->
