<?xml version="1.0" encoding="UTF-8"?>
<!-- Generated by org.testng.reporters.JUnitReportReporter -->
<testsuite skipped="0" hostname="PR020921" name="discovery.FindAnAichiveOnTest.FA_UsingMap" tests="2" failures="0" timestamp="10 Jan 2018 12:35:31 GMT" time="31.919" errors="0">
  <testcase name="BrowseCountryname2" time="15.207" classname="discovery.FindAnAichiveOnTest.FA_UsingMap"/>
  <testcase name="usingmap" time="16.712" classname="discovery.FindAnAichiveOnTest.FA_UsingMap"/>
</testsuite> <!-- discovery.FindAnAichiveOnTest.FA_UsingMap -->
