<?xml version="1.0" encoding="UTF-8"?>
<!-- Generated by org.testng.reporters.JUnitReportReporter -->
<testsuite skipped="0" hostname="PR020921" name="discovery.AdvancedSearchOnTest.AS_ClosureStatus_Open_SpecificDate" tests="1" failures="0" timestamp="10 Jan 2018 12:35:31 GMT" time="33.744" errors="0">
  <testcase name="Open_SpecificDate" time="33.744" classname="discovery.AdvancedSearchOnTest.AS_ClosureStatus_Open_SpecificDate"/>
</testsuite> <!-- discovery.AdvancedSearchOnTest.AS_ClosureStatus_Open_SpecificDate -->
