<?xml version="1.0" encoding="UTF-8"?>
<!-- Generated by org.testng.reporters.JUnitReportReporter -->
<testsuite skipped="0" hostname="PR020921" name="discovery.BrowseOnTest.Records_Of_OtherArchives" tests="1" failures="0" timestamp="04 Jan 2018 16:35:28 GMT" time="10.748" errors="0">
  <testcase name="otherArchives" time="10.748" classname="discovery.BrowseOnTest.Records_Of_OtherArchives"/>
</testsuite> <!-- discovery.BrowseOnTest.Records_Of_OtherArchives -->
