<?xml version="1.0" encoding="UTF-8"?>
<!-- Generated by org.testng.reporters.JUnitReportReporter -->
<testsuite skipped="0" hostname="PR020921" name="discovery.Subscription.SubscriptionMoDMedalResearchOffice" tests="1" failures="0" timestamp="10 Jan 2018 12:35:30 GMT" time="25.717" errors="0">
  <testcase name="SubscriptionMoDMedalResearchOffice" time="25.717" classname="discovery.Subscription.SubscriptionMoDMedalResearchOffice"/>
</testsuite> <!-- discovery.Subscription.SubscriptionMoDMedalResearchOffice -->
