<?xml version="1.0" encoding="UTF-8"?>
<!-- Generated by org.testng.reporters.JUnitReportReporter -->
<testsuite skipped="0" hostname="PR020921" name="discovery.AdvancedSearchOnTest.AS_Reference_SearchAll" tests="1" failures="0" timestamp="10 Jan 2018 12:35:32 GMT" time="10.659" errors="0">
  <testcase name="Reference_SearchAll" time="10.659" classname="discovery.AdvancedSearchOnTest.AS_Reference_SearchAll"/>
</testsuite> <!-- discovery.AdvancedSearchOnTest.AS_Reference_SearchAll -->
