<?xml version="1.0" encoding="UTF-8"?>
<!-- Generated by org.testng.reporters.JUnitReportReporter -->
<testsuite skipped="0" hostname="PR020921" name="discovery.Ecommerce.PageCheckRequestACopy" tests="1" failures="0" timestamp="04 Jan 2018 16:35:30 GMT" time="67.501" errors="0">
  <testcase name="PageCheckRequestACopy" time="67.501" classname="discovery.Ecommerce.PageCheckRequestACopy"/>
</testsuite> <!-- discovery.Ecommerce.PageCheckRequestACopy -->
