<?xml version="1.0" encoding="UTF-8"?>
<!-- Generated by org.testng.reporters.JUnitReportReporter -->
<testsuite skipped="0" hostname="PR020921" name="dicovery.DeliveryOption.DisplayAtMuseum" tests="1" failures="0" timestamp="10 Jan 2018 12:35:31 GMT" time="12.741" errors="0">
  <testcase name="displayAtMuseum" time="12.741" classname="dicovery.DeliveryOption.DisplayAtMuseum"/>
</testsuite> <!-- dicovery.DeliveryOption.DisplayAtMuseum -->
