<?xml version="1.0" encoding="UTF-8"?>
<!-- Generated by org.testng.reporters.JUnitReportReporter -->
<testsuite skipped="0" hostname="PR020921" name="dicovery.DeliveryOption.TooLargeToCopyOriginal" tests="1" failures="0" timestamp="04 Jan 2018 16:35:30 GMT" time="12.027" errors="0">
  <testcase name="tooLargeToCopyOriginal" time="12.027" classname="dicovery.DeliveryOption.TooLargeToCopyOriginal"/>
</testsuite> <!-- dicovery.DeliveryOption.TooLargeToCopyOriginal -->
