<?xml version="1.0" encoding="UTF-8"?>
<!-- Generated by org.testng.reporters.JUnitReportReporter -->
<testsuite skipped="0" hostname="PR020921" name="discovery.BasicSearchOnTest.BS_LessThan10000_Export1000RecordsAsXML" tests="1" failures="0" timestamp="04 Jan 2018 16:35:29 GMT" time="64.207" errors="0">
  <testcase name="Export1000RecordsAsXML" time="64.207" classname="discovery.BasicSearchOnTest.BS_LessThan10000_Export1000RecordsAsXML"/>
</testsuite> <!-- discovery.BasicSearchOnTest.BS_LessThan10000_Export1000RecordsAsXML -->
