<?xml version="1.0" encoding="UTF-8"?>
<!-- Generated by org.testng.reporters.JUnitReportReporter -->
<testsuite skipped="0" hostname="PR020921" name="discovery.Ecommerce.HomeGuard" tests="1" failures="0" timestamp="04 Jan 2018 16:35:30 GMT" time="54.307" errors="0">
  <testcase name="HomeGuard" time="54.307" classname="discovery.Ecommerce.HomeGuard"/>
</testsuite> <!-- discovery.Ecommerce.HomeGuard -->
