<?xml version="1.0" encoding="UTF-8"?>
<!-- Generated by org.testng.reporters.JUnitReportReporter -->
<testsuite skipped="0" hostname="PR020921" name="discovery.SingleSignOnTest.SS_NoAcceptTerm" tests="1" failures="0" timestamp="04 Jan 2018 16:35:29 GMT" time="14.558" errors="0">
  <testcase name="NoAcceptTerm" time="14.558" classname="discovery.SingleSignOnTest.SS_NoAcceptTerm"/>
</testsuite> <!-- discovery.SingleSignOnTest.SS_NoAcceptTerm -->
