<?xml version="1.0" encoding="UTF-8"?>
<!-- Generated by org.testng.reporters.JUnitReportReporter -->
<testsuite skipped="0" hostname="PR020921" name="discovery.FindAnAichiveOnTest.FA_Export1000RecordsAsXML" tests="1" failures="0" timestamp="04 Jan 2018 16:35:30 GMT" time="35.373" errors="0">
  <testcase name="Export1000RecordsAsXML" time="35.373" classname="discovery.FindAnAichiveOnTest.FA_Export1000RecordsAsXML"/>
</testsuite> <!-- discovery.FindAnAichiveOnTest.FA_Export1000RecordsAsXML -->
