<?xml version="1.0" encoding="UTF-8"?>
<!-- Generated by org.testng.reporters.JUnitReportReporter -->
<testsuite skipped="0" hostname="PR020921" name="discovery.Sar.Sar_HO4051079FoiRequest" tests="1" failures="0" timestamp="04 Jan 2018 16:35:28 GMT" time="9.449" errors="0">
  <testcase name="HO4051079FoiRequest" time="9.449" classname="discovery.Sar.Sar_HO4051079FoiRequest"/>
</testsuite> <!-- discovery.Sar.Sar_HO4051079FoiRequest -->
