<?xml version="1.0" encoding="UTF-8"?>
<!-- Generated by org.testng.reporters.JUnitReportReporter -->
<testsuite skipped="0" hostname="PR020921" name="repository_API.Discovery_API_Repository_details_Id" tests="1" failures="0" timestamp="10 Jan 2018 12:35:32 GMT" time="0.248" errors="0">
  <testcase name="verifyRecords_Details" time="0.248" classname="repository_API.Discovery_API_Repository_details_Id"/>
</testsuite> <!-- repository_API.Discovery_API_Repository_details_Id -->
