<?xml version="1.0" encoding="UTF-8"?>
<!-- Generated by org.testng.reporters.JUnitReportReporter -->
<testsuite skipped="0" hostname="PR020921" name="dicovery.DeliveryOption.DigitizedPartiallyOpened" tests="1" failures="0" timestamp="10 Jan 2018 12:35:32 GMT" time="6.766" errors="0">
  <testcase name="digitizedPartiallyOpened" time="6.766" classname="dicovery.DeliveryOption.DigitizedPartiallyOpened"/>
</testsuite> <!-- dicovery.DeliveryOption.DigitizedPartiallyOpened -->
