<?xml version="1.0" encoding="UTF-8"?>
<!-- Generated by org.testng.reporters.JUnitReportReporter -->
<testsuite skipped="0" hostname="PR020921" name="discovery.TagOnTest.SelfTagRemovalRequestNoSignIn" tests="1" failures="0" timestamp="04 Jan 2018 16:35:30 GMT" time="31.929" errors="0">
  <testcase name="removalRequest" time="31.929" classname="discovery.TagOnTest.SelfTagRemovalRequestNoSignIn"/>
</testsuite> <!-- discovery.TagOnTest.SelfTagRemovalRequestNoSignIn -->
