<?xml version="1.0" encoding="UTF-8"?>
<!-- Generated by org.testng.reporters.JUnitReportReporter -->
<testsuite skipped="0" hostname="PR020921" name="discovery.AdvancedSearchOnTest.AS_AutoLookUp_OtherArchives" tests="1" failures="0" timestamp="04 Jan 2018 16:35:30 GMT" time="19.931" errors="0">
  <testcase name="verifyLookUp" time="19.931" classname="discovery.AdvancedSearchOnTest.AS_AutoLookUp_OtherArchives"/>
</testsuite> <!-- discovery.AdvancedSearchOnTest.AS_AutoLookUp_OtherArchives -->
