<?xml version="1.0" encoding="UTF-8"?>
<!-- Generated by org.testng.reporters.JUnitReportReporter -->
<testsuite skipped="0" hostname="PR020921" name="discovery.FindAnAichiveOnTest.FA_HomeNation" tests="4" failures="0" timestamp="04 Jan 2018 16:35:30 GMT" time="53.255" errors="0">
  <testcase name="ThirdHomeNation" time="12.495" classname="discovery.FindAnAichiveOnTest.FA_HomeNation"/>
  <testcase name="secondHomeNation" time="13.405" classname="discovery.FindAnAichiveOnTest.FA_HomeNation"/>
  <testcase name="firstHomeNation" time="13.757" classname="discovery.FindAnAichiveOnTest.FA_HomeNation"/>
  <testcase name="FourthHomeNation" time="13.598" classname="discovery.FindAnAichiveOnTest.FA_HomeNation"/>
</testsuite> <!-- discovery.FindAnAichiveOnTest.FA_HomeNation -->
