<?xml version="1.0" encoding="UTF-8"?>
<!-- Generated by org.testng.reporters.JUnitReportReporter -->
<testsuite skipped="0" hostname="PR020921" name="browserStack.BrowserStackSafari" tests="3" failures="0" timestamp="02 Nov 2017 14:28:47 GMT" time="217.680" errors="0">
  <testcase name="BrowserStack" time="60.835" classname="browserStack.BrowserStackSafari"/>
  <testcase name="BrowserStack" time="52.638" classname="browserStack.BrowserStackSafari"/>
  <testcase name="BrowserStack" time="104.207" classname="browserStack.BrowserStackSafari"/>
</testsuite> <!-- browserStack.BrowserStackSafari -->
