<?xml version="1.0" encoding="UTF-8"?>
<!-- Generated by org.testng.reporters.JUnitReportReporter -->
<testsuite skipped="0" hostname="PR020921" name="discovery.SingleSignOnTest.SS_clickRegisterwithInvalidPassword" tests="1" failures="0" timestamp="10 Jan 2018 12:35:30 GMT" time="9.793" errors="0">
  <testcase name="clickRegisterwithInvalidPassword" time="9.793" classname="discovery.SingleSignOnTest.SS_clickRegisterwithInvalidPassword"/>
</testsuite> <!-- discovery.SingleSignOnTest.SS_clickRegisterwithInvalidPassword -->
