<?xml version="1.0" encoding="UTF-8"?>
<!-- Generated by org.testng.reporters.JUnitReportReporter -->
<testsuite skipped="0" hostname="PR020921" name="searchReords_API.Discovery_API_SearchRecords_Records" tests="1" failures="0" timestamp="04 Jan 2018 16:35:28 GMT" time="0.695" errors="0">
  <testcase name="verifySearchforRepositories" time="0.695" classname="searchReords_API.Discovery_API_SearchRecords_Records"/>
</testsuite> <!-- searchReords_API.Discovery_API_SearchRecords_Records -->
