<?xml version="1.0" encoding="UTF-8"?>
<!-- Generated by org.testng.reporters.JUnitReportReporter -->
<testsuite skipped="0" hostname="PR020921" name="discovery.AdvancedSearchOnTest.AS_ClosureStatus_Open_SpecificDate" tests="1" failures="0" timestamp="04 Jan 2018 16:35:28 GMT" time="35.073" errors="0">
  <testcase name="Open_SpecificDate" time="35.073" classname="discovery.AdvancedSearchOnTest.AS_ClosureStatus_Open_SpecificDate"/>
</testsuite> <!-- discovery.AdvancedSearchOnTest.AS_ClosureStatus_Open_SpecificDate -->
