<?xml version="1.0" encoding="UTF-8"?>
<!-- Generated by org.testng.reporters.JUnitReportReporter -->
<testsuite skipped="0" hostname="PR020921" name="discovery.DetailPageOnTest.Verify_DetailPage_OnAllLevels" tests="1" failures="0" timestamp="04 Jan 2018 16:35:30 GMT" time="53.561" errors="0">
  <testcase name="detailPgae" time="53.561" classname="discovery.DetailPageOnTest.Verify_DetailPage_OnAllLevels"/>
</testsuite> <!-- discovery.DetailPageOnTest.Verify_DetailPage_OnAllLevels -->
