<?xml version="1.0" encoding="UTF-8"?>
<!-- Generated by org.testng.reporters.JUnitReportReporter -->
<testsuite skipped="0" hostname="PR020921" name="discovery.BookmarkOnLive.Bookmark_add_Rename_Delete" tests="1" failures="0" timestamp="21 Nov 2017 13:43:00 GMT" time="17.526" errors="0">
  <testcase name="bookmark_add" time="17.526" classname="discovery.BookmarkOnLive.Bookmark_add_Rename_Delete"/>
</testsuite> <!-- discovery.BookmarkOnLive.Bookmark_add_Rename_Delete -->
