<?xml version="1.0" encoding="UTF-8"?>
<!-- Generated by org.testng.reporters.JUnitReportReporter -->
<testsuite skipped="0" hostname="PR020921" name="discovery.BasicSearchOnTest.BS_LessThan10000_ExportAllRecordCreatorsAsCSV" tests="1" failures="0" timestamp="10 Jan 2018 12:35:32 GMT" time="46.087" errors="0">
  <testcase name="ExportAllRecordCreatorsAsCSV" time="46.087" classname="discovery.BasicSearchOnTest.BS_LessThan10000_ExportAllRecordCreatorsAsCSV"/>
</testsuite> <!-- discovery.BasicSearchOnTest.BS_LessThan10000_ExportAllRecordCreatorsAsCSV -->
