<?xml version="1.0" encoding="UTF-8"?>
<!-- Generated by org.testng.reporters.JUnitReportReporter -->
<testsuite skipped="0" hostname="PR020921" name="discovery.BasicSearchOnTest.BS_GreaterThan10000_ExportFirst1000RecordCreatorAsHTML" tests="1" failures="0" timestamp="10 Jan 2018 12:35:31 GMT" time="48.106" errors="0">
  <testcase name="ExportFirst1000RecordCreatorAsHTML" time="48.106" classname="discovery.BasicSearchOnTest.BS_GreaterThan10000_ExportFirst1000RecordCreatorAsHTML"/>
</testsuite> <!-- discovery.BasicSearchOnTest.BS_GreaterThan10000_ExportFirst1000RecordCreatorAsHTML -->
