<?xml version="1.0" encoding="UTF-8"?>
<!-- Generated by org.testng.reporters.JUnitReportReporter -->
<testsuite skipped="0" hostname="PR020921" name="cabinetPapersSearch.CabinetPapers_Date_descriptionOnly" tests="1" failures="0" timestamp="05 Jan 2018 10:44:44 GMT" time="10.461" errors="0">
  <testcase name="cabinetSearch" time="10.461" classname="cabinetPapersSearch.CabinetPapers_Date_descriptionOnly"/>
</testsuite> <!-- cabinetPapersSearch.CabinetPapers_Date_descriptionOnly -->
