<?xml version="1.0" encoding="UTF-8"?>
<!-- Generated by org.testng.reporters.JUnitReportReporter -->
<testsuite skipped="0" hostname="PR020921" name="discovery.BasicSearchOnTest.BS_LessThan10000_SortedBy_Reference" tests="1" failures="0" timestamp="04 Jan 2018 16:35:30 GMT" time="30.276" errors="0">
  <testcase name="LessThan10000_SortedBy_Reference" time="30.276" classname="discovery.BasicSearchOnTest.BS_LessThan10000_SortedBy_Reference"/>
</testsuite> <!-- discovery.BasicSearchOnTest.BS_LessThan10000_SortedBy_Reference -->
