<?xml version="1.0" encoding="UTF-8"?>
<!-- Generated by org.testng.reporters.JUnitReportReporter -->
<testsuite skipped="0" hostname="PR020921" name="discovery.FindAnAichiveOnTest.FA_ChooseRegion" tests="3" failures="0" timestamp="10 Jan 2018 12:35:31 GMT" time="50.318" errors="0">
  <testcase name="region2" time="15.839" classname="discovery.FindAnAichiveOnTest.FA_ChooseRegion"/>
  <testcase name="region3" time="18.325" classname="discovery.FindAnAichiveOnTest.FA_ChooseRegion"/>
  <testcase name="region" time="16.154" classname="discovery.FindAnAichiveOnTest.FA_ChooseRegion"/>
</testsuite> <!-- discovery.FindAnAichiveOnTest.FA_ChooseRegion -->
