<?xml version="1.0" encoding="UTF-8"?>
<!-- Generated by org.testng.reporters.JUnitReportReporter -->
<testsuite skipped="0" hostname="PR020921" name="dicovery.DeliveryOption.InUse" tests="1" failures="0" timestamp="04 Jan 2018 16:35:28 GMT" time="15.731" errors="0">
  <testcase name="inUse" time="15.731" classname="dicovery.DeliveryOption.InUse"/>
</testsuite> <!-- dicovery.DeliveryOption.InUse -->
