<?xml version="1.0" encoding="UTF-8"?>
<!-- Generated by org.testng.reporters.JUnitReportReporter -->
<testsuite skipped="0" hostname="PR020921" name="discovery.AdvancedSearchOnTest.AS_RecordCreator_CreatorType_CheckBox_Years" tests="1" failures="0" timestamp="10 Jan 2018 12:35:31 GMT" time="28.735" errors="0">
  <testcase name="CreatorType_CheckBox_Years" time="28.735" classname="discovery.AdvancedSearchOnTest.AS_RecordCreator_CreatorType_CheckBox_Years"/>
</testsuite> <!-- discovery.AdvancedSearchOnTest.AS_RecordCreator_CreatorType_CheckBox_Years -->
