<?xml version="1.0" encoding="UTF-8"?>
<!-- Generated by org.testng.reporters.JUnitReportReporter -->
<testsuite skipped="0" hostname="PR020921" name="discovery.ManorSearchOnTest.MS_ByManor_VerifyRecordsCreator" tests="1" failures="0" timestamp="10 Jan 2018 12:35:31 GMT" time="26.384" errors="0">
  <testcase name="ByManor_VerifyRecordsCreator" time="26.384" classname="discovery.ManorSearchOnTest.MS_ByManor_VerifyRecordsCreator"/>
</testsuite> <!-- discovery.ManorSearchOnTest.MS_ByManor_VerifyRecordsCreator -->
