<?xml version="1.0" encoding="UTF-8"?>
<!-- Generated by org.testng.reporters.JUnitReportReporter -->
<testsuite skipped="0" hostname="PR020921" name="discovery.DetailPageOnTest.Verify_DetailPage_OnSeriesLevel" tests="1" failures="0" timestamp="04 Jan 2018 16:35:30 GMT" time="6.890" errors="0">
  <testcase name="series_Serach" time="6.890" classname="discovery.DetailPageOnTest.Verify_DetailPage_OnSeriesLevel"/>
</testsuite> <!-- discovery.DetailPageOnTest.Verify_DetailPage_OnSeriesLevel -->
