<?xml version="1.0" encoding="UTF-8"?>
<!-- Generated by org.testng.reporters.JUnitReportReporter -->
<testsuite skipped="0" hostname="PR020921" name="discovery.TagOnTest.SelfTagRemovalRequestNoSignIn" tests="1" failures="0" timestamp="10 Jan 2018 12:35:32 GMT" time="11.834" errors="0">
  <testcase name="removalRequest" time="11.834" classname="discovery.TagOnTest.SelfTagRemovalRequestNoSignIn"/>
</testsuite> <!-- discovery.TagOnTest.SelfTagRemovalRequestNoSignIn -->
