<?xml version="1.0" encoding="UTF-8"?>
<!-- Generated by org.testng.reporters.JUnitReportReporter -->
<testsuite skipped="0" hostname="PR020921" name="dicovery.DeliveryOption.DigitizedDiscovery" tests="1" failures="0" timestamp="10 Jan 2018 12:35:32 GMT" time="16.045" errors="0">
  <testcase name="digitizedDiscovery" time="16.045" classname="dicovery.DeliveryOption.DigitizedDiscovery"/>
</testsuite> <!-- dicovery.DeliveryOption.DigitizedDiscovery -->
