<?xml version="1.0" encoding="UTF-8"?>
<!-- Generated by org.testng.reporters.JUnitReportReporter -->
<testsuite skipped="0" hostname="PR020921" name="discovery.Sar.Sar_J24312FoiRequest" tests="1" failures="0" timestamp="10 Jan 2018 12:35:31 GMT" time="9.387" errors="0">
  <testcase name="J24312FoiRequest" time="9.387" classname="discovery.Sar.Sar_J24312FoiRequest"/>
</testsuite> <!-- discovery.Sar.Sar_J24312FoiRequest -->
