<?xml version="1.0" encoding="UTF-8"?>
<!-- Generated by org.testng.reporters.JUnitReportReporter -->
<testsuite skipped="0" hostname="PR020921" name="discovery.DetailPageOnTest.Verify_DetailPage_OnAllLevels" tests="1" failures="0" timestamp="10 Jan 2018 12:35:32 GMT" time="50.126" errors="0">
  <testcase name="detailPgae" time="50.126" classname="discovery.DetailPageOnTest.Verify_DetailPage_OnAllLevels"/>
</testsuite> <!-- discovery.DetailPageOnTest.Verify_DetailPage_OnAllLevels -->
