<?xml version="1.0" encoding="UTF-8"?>
<!-- Generated by org.testng.reporters.JUnitReportReporter -->
<testsuite skipped="0" hostname="PR020921" name="discovery.BrowseOnTest.Records_Of_TNA" tests="1" failures="0" timestamp="04 Jan 2018 16:35:30 GMT" time="14.284" errors="0">
  <testcase name="browseRecords" time="14.284" classname="discovery.BrowseOnTest.Records_Of_TNA"/>
</testsuite> <!-- discovery.BrowseOnTest.Records_Of_TNA -->
