<?xml version="1.0" encoding="UTF-8"?>
<!-- Generated by org.testng.reporters.JUnitReportReporter -->
<testsuite skipped="0" hostname="PR020921" name="discovery.Ecommerce.Dsa1939registerClickNo" tests="1" failures="0" timestamp="10 Jan 2018 13:37:45 GMT" time="96.602" errors="0">
  <testcase name="Dsa1939registerClickNo" time="96.602" classname="discovery.Ecommerce.Dsa1939registerClickNo"/>
</testsuite> <!-- discovery.Ecommerce.Dsa1939registerClickNo -->
