<?xml version="1.0" encoding="UTF-8"?>
<!-- Generated by org.testng.reporters.JUnitReportReporter -->
<testsuite skipped="0" hostname="PR020921" name="cabinetPapersSearch.CabinetPapers_Educationresources" tests="1" failures="0" timestamp="10 Jan 2018 12:35:31 GMT" time="9.809" errors="0">
  <testcase name="cabinetSearch" time="9.809" classname="cabinetPapersSearch.CabinetPapers_Educationresources"/>
</testsuite> <!-- cabinetPapersSearch.CabinetPapers_Educationresources -->
