<?xml version="1.0" encoding="UTF-8"?>
<!-- Generated by org.testng.reporters.JUnitReportReporter -->
<testsuite skipped="0" hostname="PR020921" name="discovery.TagOnTest.DeleteTag" tests="1" failures="0" timestamp="05 Jan 2018 10:39:15 GMT" time="21.360" errors="0">
  <testcase name="deleteTag" time="21.360" classname="discovery.TagOnTest.DeleteTag"/>
</testsuite> <!-- discovery.TagOnTest.DeleteTag -->
