<?xml version="1.0" encoding="UTF-8"?>
<!-- Generated by org.testng.reporters.JUnitReportReporter -->
<testsuite skipped="0" hostname="PR020921" name="dicovery.DeliveryOption.UnAvailable" tests="1" failures="0" timestamp="04 Jan 2018 16:35:29 GMT" time="11.728" errors="0">
  <testcase name="unAvailable" time="11.728" classname="dicovery.DeliveryOption.UnAvailable"/>
</testsuite> <!-- dicovery.DeliveryOption.UnAvailable -->
