<?xml version="1.0" encoding="UTF-8"?>
<!-- Generated by org.testng.reporters.JUnitReportReporter -->
<testsuite skipped="0" hostname="PR020921" name="dicovery.DeliveryOption.AV_Media" tests="1" failures="0" timestamp="10 Jan 2018 12:35:30 GMT" time="12.292" errors="0">
  <testcase name="AV_Media" time="12.292" classname="dicovery.DeliveryOption.AV_Media"/>
</testsuite> <!-- dicovery.DeliveryOption.AV_Media -->
