<?xml version="1.0" encoding="UTF-8"?>
<!-- Generated by org.testng.reporters.JUnitReportReporter -->
<testsuite skipped="0" hostname="PR020921" name="discovery.Ecommerce.DigitizedAddToBasket" tests="1" failures="0" timestamp="04 Jan 2018 16:35:28 GMT" time="38.109" errors="0">
  <testcase name="DigitizedAddToBasket" time="38.109" classname="discovery.Ecommerce.DigitizedAddToBasket"/>
</testsuite> <!-- discovery.Ecommerce.DigitizedAddToBasket -->
