<?xml version="1.0" encoding="UTF-8"?>
<!-- Generated by org.testng.reporters.JUnitReportReporter -->
<testsuite skipped="0" hostname="PR020921" name="cabinetPapersSearch.CabinetPapers_Date_descriptionOnly" tests="1" failures="0" timestamp="10 Jan 2018 12:35:32 GMT" time="11.538" errors="0">
  <testcase name="cabinetSearch" time="11.538" classname="cabinetPapersSearch.CabinetPapers_Date_descriptionOnly"/>
</testsuite> <!-- cabinetPapersSearch.CabinetPapers_Date_descriptionOnly -->
