<?xml version="1.0" encoding="UTF-8"?>
<!-- Generated by org.testng.reporters.JUnitReportReporter -->
<testsuite skipped="0" hostname="PR020921" name="discovery.SingleSignOnTest.SS_clickRegisterwithInvalidPassword" tests="1" failures="0" timestamp="04 Jan 2018 16:35:30 GMT" time="19.700" errors="0">
  <testcase name="clickRegisterwithInvalidPassword" time="19.700" classname="discovery.SingleSignOnTest.SS_clickRegisterwithInvalidPassword"/>
</testsuite> <!-- discovery.SingleSignOnTest.SS_clickRegisterwithInvalidPassword -->
