<?xml version="1.0" encoding="UTF-8"?>
<!-- Generated by org.testng.reporters.JUnitReportReporter -->
<testsuite skipped="0" hostname="PR020921" name="discovery.FindAnAichiveOnTest.FA_BrowseByCountryName" tests="2" failures="0" timestamp="04 Jan 2018 16:35:30 GMT" time="42.438" errors="0">
  <testcase name="BrowseCountryname" time="21.352" classname="discovery.FindAnAichiveOnTest.FA_BrowseByCountryName"/>
  <testcase name="BrowseCountryname2" time="21.086" classname="discovery.FindAnAichiveOnTest.FA_BrowseByCountryName"/>
</testsuite> <!-- discovery.FindAnAichiveOnTest.FA_BrowseByCountryName -->
