<?xml version="1.0" encoding="UTF-8"?>
<!-- Generated by org.testng.reporters.JUnitReportReporter -->
<testsuite skipped="0" hostname="PR020921" name="cabinetPapersSearch.CaabinetPapers_Document_descriptionOnly" tests="1" failures="0" timestamp="27 Nov 2017 14:32:29 GMT" time="16.516" errors="0">
  <testcase name="cabinetSearch" time="16.516" classname="cabinetPapersSearch.CaabinetPapers_Document_descriptionOnly"/>
</testsuite> <!-- cabinetPapersSearch.CaabinetPapers_Document_descriptionOnly -->
