<?xml version="1.0" encoding="UTF-8"?>
<!-- Generated by org.testng.reporters.JUnitReportReporter -->
<testsuite skipped="0" hostname="PR020921" name="dicovery.DeliveryOption.DigitizedAvailableButNotDownloadableAtItemLevel" tests="1" failures="0" timestamp="04 Jan 2018 16:35:28 GMT" time="9.915" errors="0">
  <testcase name="digitizedAvailableButNotDownlodableAtItemLevel" time="9.915" classname="dicovery.DeliveryOption.DigitizedAvailableButNotDownloadableAtItemLevel"/>
</testsuite> <!-- dicovery.DeliveryOption.DigitizedAvailableButNotDownloadableAtItemLevel -->
