<?xml version="1.0" encoding="UTF-8"?>
<!-- Generated by org.testng.reporters.JUnitReportReporter -->
<testsuite skipped="0" hostname="PR020921" name="dicovery.DeliveryOption.ClosedRetainedDeptKnown" tests="1" failures="0" timestamp="10 Jan 2018 12:35:31 GMT" time="24.086" errors="0">
  <testcase name="closedRetainedDeptKnown" time="24.086" classname="dicovery.DeliveryOption.ClosedRetainedDeptKnown"/>
</testsuite> <!-- dicovery.DeliveryOption.ClosedRetainedDeptKnown -->
