<?xml version="1.0" encoding="UTF-8"?>
<!-- Generated by org.testng.reporters.JUnitReportReporter -->
<testsuite skipped="0" hostname="PR020921" name="discovery.Ecommerce.Dsa1939registerClickYes" tests="1" failures="0" timestamp="10 Jan 2018 12:35:31 GMT" time="62.705" errors="0">
  <testcase name="Dsa1939registerClickYes" time="62.705" classname="discovery.Ecommerce.Dsa1939registerClickYes"/>
</testsuite> <!-- discovery.Ecommerce.Dsa1939registerClickYes -->
