<?xml version="1.0" encoding="UTF-8"?>
<!-- Generated by org.testng.reporters.JUnitReportReporter -->
<testsuite skipped="0" hostname="PR020921" name="discovery.BrowseOnTest.Browse_Archives" tests="1" failures="0" timestamp="04 Jan 2018 16:35:31 GMT" time="13.259" errors="0">
  <testcase name="Browse_Archives" time="13.259" classname="discovery.BrowseOnTest.Browse_Archives"/>
</testsuite> <!-- discovery.BrowseOnTest.Browse_Archives -->
