<?xml version="1.0" encoding="UTF-8"?>
<!-- Generated by org.testng.reporters.JUnitReportReporter -->
<testsuite skipped="0" hostname="PR020921" name="dicovery.DeliveryOption.PaidSearch" tests="1" failures="0" timestamp="04 Jan 2018 17:23:25 GMT" time="12.700" errors="0">
  <testcase name="paidSearch" time="12.700" classname="dicovery.DeliveryOption.PaidSearch"/>
</testsuite> <!-- dicovery.DeliveryOption.PaidSearch -->
