<?xml version="1.0" encoding="UTF-8"?>
<!-- Generated by org.testng.reporters.JUnitReportReporter -->
<testsuite skipped="0" hostname="PR020921" name="discovery.DownlaodRecordOnTest.Veriy_DownloadOption_ForStaff" tests="1" failures="0" timestamp="10 Jan 2018 12:35:32 GMT" time="117.631" errors="0">
  <testcase name="verify_Download_ForStaff" time="117.631" classname="discovery.DownlaodRecordOnTest.Veriy_DownloadOption_ForStaff"/>
</testsuite> <!-- discovery.DownlaodRecordOnTest.Veriy_DownloadOption_ForStaff -->
