<?xml version="1.0" encoding="UTF-8"?>
<!-- Generated by org.testng.reporters.JUnitReportReporter -->
<testsuite skipped="0" hostname="PR020921" name="discovery.BrowseOnTest.Records_Of_TNA" tests="1" failures="0" timestamp="10 Jan 2018 12:35:32 GMT" time="11.846" errors="0">
  <testcase name="browseRecords" time="11.846" classname="discovery.BrowseOnTest.Records_Of_TNA"/>
</testsuite> <!-- discovery.BrowseOnTest.Records_Of_TNA -->
