<?xml version="1.0" encoding="UTF-8"?>
<!-- Generated by org.testng.reporters.JUnitReportReporter -->
<testsuite skipped="0" hostname="PR020921" name="dicovery.DeliveryOption.AcademicSubscription" tests="1" failures="0" timestamp="04 Jan 2018 16:35:31 GMT" time="32.184" errors="0">
  <testcase name="academicSubscription" time="32.184" classname="dicovery.DeliveryOption.AcademicSubscription"/>
</testsuite> <!-- dicovery.DeliveryOption.AcademicSubscription -->
