<?xml version="1.0" encoding="UTF-8"?>
<!-- Generated by org.testng.reporters.JUnitReportReporter -->
<testsuite skipped="0" hostname="PR020921" name="discovery.BasicSearchOnTest.BS_VerifyTotalNoOfRecordsEachLink" tests="1" failures="0" timestamp="04 Jan 2018 16:35:28 GMT" time="39.731" errors="0">
  <testcase name="VerifyTotalNoOfRecordsEachLink" time="39.731" classname="discovery.BasicSearchOnTest.BS_VerifyTotalNoOfRecordsEachLink"/>
</testsuite> <!-- discovery.BasicSearchOnTest.BS_VerifyTotalNoOfRecordsEachLink -->
