<?xml version="1.0" encoding="UTF-8"?>
<!-- Generated by org.testng.reporters.JUnitReportReporter -->
<testsuite skipped="0" hostname="PR020921" name="discovery.ManorSearchOnTest.MS_ForMonorDocuments_VerifyRecords" tests="1" failures="0" timestamp="17 Nov 2017 15:17:54 GMT" time="32.212" errors="0">
  <testcase name="ForMonorDocuments_VerifyRecords" time="32.212" classname="discovery.ManorSearchOnTest.MS_ForMonorDocuments_VerifyRecords"/>
</testsuite> <!-- discovery.ManorSearchOnTest.MS_ForMonorDocuments_VerifyRecords -->
