<?xml version="1.0" encoding="UTF-8"?>
<!-- Generated by org.testng.reporters.JUnitReportReporter -->
<testsuite skipped="0" hostname="PR020921" name="discovery.TagOnTest.AddTag" tests="1" failures="0" timestamp="10 Jan 2018 12:35:32 GMT" time="27.420" errors="0">
  <testcase name="tag" time="27.420" classname="discovery.TagOnTest.AddTag"/>
</testsuite> <!-- discovery.TagOnTest.AddTag -->
