<?xml version="1.0" encoding="UTF-8"?>
<!-- Generated by org.testng.reporters.JUnitReportReporter -->
<testsuite skipped="0" hostname="PR020921" name="dicovery.DeliveryOption.MouldTreatment" tests="1" failures="0" timestamp="04 Jan 2018 16:35:28 GMT" time="12.219" errors="0">
  <testcase name="mouldTreatment" time="12.219" classname="dicovery.DeliveryOption.MouldTreatment"/>
</testsuite> <!-- dicovery.DeliveryOption.MouldTreatment -->
