<?xml version="1.0" encoding="UTF-8"?>
<!-- Generated by org.testng.reporters.JUnitReportReporter -->
<testsuite skipped="0" hostname="PR020921" name="discovery.ManorSearchOnLive.MS_ForManorDocuments_KeyWordSearch" tests="1" failures="0" timestamp="22 Nov 2017 15:20:03 GMT" time="38.865" errors="0">
  <testcase name="ForManorDocuments_KeyWordSearch" time="38.865" classname="discovery.ManorSearchOnLive.MS_ForManorDocuments_KeyWordSearch"/>
</testsuite> <!-- discovery.ManorSearchOnLive.MS_ForManorDocuments_KeyWordSearch -->
