<?xml version="1.0" encoding="UTF-8"?>
<!-- Generated by org.testng.reporters.JUnitReportReporter -->
<testsuite skipped="0" hostname="PR020921" name="discovery.ManorSearchOnTest.MS_ForManorDocuments_VerifyRecords" tests="1" failures="0" timestamp="10 Jan 2018 12:35:30 GMT" time="37.297" errors="0">
  <testcase name="ForManorDocuments_VerifyRecords" time="37.297" classname="discovery.ManorSearchOnTest.MS_ForManorDocuments_VerifyRecords"/>
</testsuite> <!-- discovery.ManorSearchOnTest.MS_ForManorDocuments_VerifyRecords -->
