<?xml version="1.0" encoding="UTF-8"?>
<!-- Generated by org.testng.reporters.JUnitReportReporter -->
<testsuite skipped="0" hostname="PR020921" name="discovery.AdvancedSearchOnTest.AS_Records_DateRange_SearchAll" tests="1" failures="0" timestamp="10 Jan 2018 12:35:32 GMT" time="21.656" errors="0">
  <testcase name="DateRange_SearchAll" time="21.656" classname="discovery.AdvancedSearchOnTest.AS_Records_DateRange_SearchAll"/>
</testsuite> <!-- discovery.AdvancedSearchOnTest.AS_Records_DateRange_SearchAll -->
