<?xml version="1.0" encoding="UTF-8"?>
<!-- Generated by org.testng.reporters.JUnitReportReporter -->
<testsuite skipped="0" hostname="PR020921" name="discovery.FindAnAichiveOnTest.FA_BrowseByCountryName" tests="2" failures="0" timestamp="10 Jan 2018 12:35:32 GMT" time="42.739" errors="0">
  <testcase name="BrowseCountryname" time="22.411" classname="discovery.FindAnAichiveOnTest.FA_BrowseByCountryName"/>
  <testcase name="BrowseCountryname2" time="20.328" classname="discovery.FindAnAichiveOnTest.FA_BrowseByCountryName"/>
</testsuite> <!-- discovery.FindAnAichiveOnTest.FA_BrowseByCountryName -->
