<?xml version="1.0" encoding="UTF-8"?>
<!-- Generated by org.testng.reporters.JUnitReportReporter -->
<testsuite skipped="0" hostname="PR020921" name="browserStack.SubscriptionMoDMedalResearchOffice" tests="1" failures="0" timestamp="30 Oct 2017 15:37:44 GMT" time="52.363" errors="0">
  <testcase name="SubscriptionMoDMedalResearchOffice" time="52.363" classname="browserStack.SubscriptionMoDMedalResearchOffice"/>
</testsuite> <!-- browserStack.SubscriptionMoDMedalResearchOffice -->
