<?xml version="1.0" encoding="UTF-8"?>
<!-- Generated by org.testng.reporters.JUnitReportReporter -->
<testsuite skipped="0" hostname="PR020921" name="discovery.Ecommerce.PageCheckRequestMore1000Characters" tests="1" failures="0" timestamp="10 Jan 2018 12:35:32 GMT" time="26.830" errors="0">
  <testcase name="PageCheckRequestACopy" time="26.830" classname="discovery.Ecommerce.PageCheckRequestMore1000Characters"/>
</testsuite> <!-- discovery.Ecommerce.PageCheckRequestMore1000Characters -->
