<?xml version="1.0" encoding="UTF-8"?>
<!-- Generated by org.testng.reporters.JUnitReportReporter -->
<testsuite skipped="0" hostname="PR020921" name="discovery.Sar.Sar_DPP23289FoiRequest" tests="1" failures="0" timestamp="10 Jan 2018 12:35:31 GMT" time="10.238" errors="0">
  <testcase name="DPP23289FoiRequest" time="10.238" classname="discovery.Sar.Sar_DPP23289FoiRequest"/>
</testsuite> <!-- discovery.Sar.Sar_DPP23289FoiRequest -->
