<?xml version="1.0" encoding="UTF-8"?>
<!-- Generated by org.testng.reporters.JUnitReportReporter -->
<testsuite skipped="0" hostname="PR020921" name="records_API.Discovery_API_Records_Context_Id" tests="1" failures="0" timestamp="10 Jan 2018 12:35:31 GMT" time="0.190" errors="0">
  <testcase name="verifyRecords_Details" time="0.190" classname="records_API.Discovery_API_Records_Context_Id"/>
</testsuite> <!-- records_API.Discovery_API_Records_Context_Id -->
