<?xml version="1.0" encoding="UTF-8"?>
<!-- Generated by org.testng.reporters.JUnitReportReporter -->
<testsuite skipped="0" hostname="PR020921" name="discovery.TagOnTest.DeleteTag" tests="1" failures="0" timestamp="10 Jan 2018 12:35:32 GMT" time="24.532" errors="0">
  <testcase name="deleteTag" time="24.532" classname="discovery.TagOnTest.DeleteTag"/>
</testsuite> <!-- discovery.TagOnTest.DeleteTag -->
