<?xml version="1.0" encoding="UTF-8"?>
<!-- Generated by org.testng.reporters.JUnitReportReporter -->
<testsuite skipped="0" hostname="PR020921" name="cabinetPapersSearch.CaabinetPapers_EntireDocument" tests="1" failures="0" timestamp="27 Nov 2017 12:09:16 GMT" time="7.548" errors="0">
  <testcase name="cabinetSearch" time="7.548" classname="cabinetPapersSearch.CaabinetPapers_EntireDocument"/>
</testsuite> <!-- cabinetPapersSearch.CaabinetPapers_EntireDocument -->
