<?xml version="1.0" encoding="UTF-8"?>
<!-- Generated by org.testng.reporters.JUnitReportReporter -->
<testsuite skipped="0" hostname="PR020921" name="discovery.AdvancedSearchOnTest.AS_Records_SpecificDate_SearchAll" tests="1" failures="0" timestamp="10 Jan 2018 12:35:32 GMT" time="36.480" errors="0">
  <testcase name="SpecificDate_SearchAll" time="36.480" classname="discovery.AdvancedSearchOnTest.AS_Records_SpecificDate_SearchAll"/>
</testsuite> <!-- discovery.AdvancedSearchOnTest.AS_Records_SpecificDate_SearchAll -->
