<?xml version="1.0" encoding="UTF-8"?>
<!-- Generated by org.testng.reporters.JUnitReportReporter -->
<testsuite skipped="0" hostname="PR020921" name="fileauthorities_API.Discovery_API_Collections" tests="1" failures="0" timestamp="10 Jan 2018 12:35:30 GMT" time="2.019" errors="0">
  <testcase name="verifyFileAuthority" time="2.019" classname="fileauthorities_API.Discovery_API_Collections"/>
</testsuite> <!-- fileauthorities_API.Discovery_API_Collections -->
