<?xml version="1.0" encoding="UTF-8"?>
<!-- Generated by org.testng.reporters.JUnitReportReporter -->
<testsuite skipped="0" hostname="PR020921" name="dicovery.DeliveryOption.LocalArchive" tests="1" failures="0" timestamp="10 Jan 2018 12:35:32 GMT" time="9.853" errors="0">
  <testcase name="localArchive" time="9.853" classname="dicovery.DeliveryOption.LocalArchive"/>
</testsuite> <!-- dicovery.DeliveryOption.LocalArchive -->
