<?xml version="1.0" encoding="UTF-8"?>
<!-- Generated by org.testng.reporters.JUnitReportReporter -->
<testsuite skipped="0" hostname="PR020921" name="discovery.Sar.Sar_DPP23289FoiRequest" tests="1" failures="0" timestamp="04 Jan 2018 16:35:29 GMT" time="9.434" errors="0">
  <testcase name="DPP23289FoiRequest" time="9.434" classname="discovery.Sar.Sar_DPP23289FoiRequest"/>
</testsuite> <!-- discovery.Sar.Sar_DPP23289FoiRequest -->
