<?xml version="1.0" encoding="UTF-8"?>
<!-- Generated by org.testng.reporters.JUnitReportReporter -->
<testsuite skipped="0" hostname="PR020921" name="discovery.BasicSearchOnLive.BS_FilterResult_VerifyCollectionAndSubjects" tests="1" failures="0" timestamp="16 Oct 2017 11:03:08 GMT" time="35.323" errors="0">
  <testcase name="FilterResult_VerifyCollectionAndSubjects" time="35.323" classname="discovery.BasicSearchOnLive.BS_FilterResult_VerifyCollectionAndSubjects"/>
</testsuite> <!-- discovery.BasicSearchOnLive.BS_FilterResult_VerifyCollectionAndSubjects -->
