<?xml version="1.0" encoding="UTF-8"?>
<!-- Generated by org.testng.reporters.JUnitReportReporter -->
<testsuite skipped="0" hostname="PR020921" name="discovery.FindAnAichiveOnTest.FA_ChooseRegion" tests="3" failures="0" timestamp="04 Jan 2018 16:35:28 GMT" time="50.430" errors="0">
  <testcase name="region3" time="16.241" classname="discovery.FindAnAichiveOnTest.FA_ChooseRegion"/>
  <testcase name="region2" time="17.765" classname="discovery.FindAnAichiveOnTest.FA_ChooseRegion"/>
  <testcase name="region" time="16.424" classname="discovery.FindAnAichiveOnTest.FA_ChooseRegion"/>
</testsuite> <!-- discovery.FindAnAichiveOnTest.FA_ChooseRegion -->
