<?xml version="1.0" encoding="UTF-8"?>
<!-- Generated by org.testng.reporters.JUnitReportReporter -->
<testsuite skipped="0" hostname="PR020921" name="discovery.Sar.Sar_LEV2226ZFoiRequest" tests="1" failures="0" timestamp="10 Jan 2018 12:35:31 GMT" time="8.814" errors="0">
  <testcase name="LEV2226ZFoiRequest" time="8.814" classname="discovery.Sar.Sar_LEV2226ZFoiRequest"/>
</testsuite> <!-- discovery.Sar.Sar_LEV2226ZFoiRequest -->
