<?xml version="1.0" encoding="UTF-8"?>
<!-- Generated by org.testng.reporters.JUnitReportReporter -->
<testsuite skipped="0" hostname="PR020921" name="discovery.Subscription.SubscriptionMoDMedalResearchOffice" tests="1" failures="0" timestamp="05 Jan 2018 09:54:32 GMT" time="27.502" errors="0">
  <testcase name="SubscriptionMoDMedalResearchOffice" time="27.502" classname="discovery.Subscription.SubscriptionMoDMedalResearchOffice"/>
</testsuite> <!-- discovery.Subscription.SubscriptionMoDMedalResearchOffice -->
