<?xml version="1.0" encoding="UTF-8"?>
<!-- Generated by org.testng.reporters.JUnitReportReporter -->
<testsuite skipped="0" hostname="PR020921" name="discovery.BrowseOnTest.Record_Creators" tests="1" failures="0" timestamp="10 Jan 2018 12:35:32 GMT" time="18.845" errors="0">
  <testcase name="recordCreators" time="18.845" classname="discovery.BrowseOnTest.Record_Creators"/>
</testsuite> <!-- discovery.BrowseOnTest.Record_Creators -->
