<?xml version="1.0" encoding="UTF-8"?>
<!-- Generated by org.testng.reporters.JUnitReportReporter -->
<testsuite skipped="0" hostname="PR020921" name="discovery.DetailPageOnLive.Verify_DetailPage_OnSeriesLevel" tests="1" failures="0" timestamp="24 Oct 2017 16:26:58 GMT" time="9.933" errors="0">
  <testcase name="series_Serach" time="9.933" classname="discovery.DetailPageOnLive.Verify_DetailPage_OnSeriesLevel"/>
</testsuite> <!-- discovery.DetailPageOnLive.Verify_DetailPage_OnSeriesLevel -->
