<?xml version="1.0" encoding="UTF-8"?>
<!-- Generated by org.testng.reporters.JUnitReportReporter -->
<testsuite skipped="0" hostname="PR020921" name="dicovery.DeliveryOption.MouldTreatment" tests="1" failures="0" timestamp="10 Jan 2018 12:35:30 GMT" time="12.945" errors="0">
  <testcase name="mouldTreatment" time="12.945" classname="dicovery.DeliveryOption.MouldTreatment"/>
</testsuite> <!-- dicovery.DeliveryOption.MouldTreatment -->
