<?xml version="1.0" encoding="UTF-8"?>
<!-- Generated by org.testng.reporters.JUnitReportReporter -->
<testsuite skipped="0" hostname="PR020921" name="discovery.DetailPageOnTest.DetailPage_ShowImages" tests="1" failures="0" timestamp="04 Jan 2018 16:35:31 GMT" time="6.724" errors="0">
  <testcase name="DetailPage_ShowImages" time="6.724" classname="discovery.DetailPageOnTest.DetailPage_ShowImages"/>
</testsuite> <!-- discovery.DetailPageOnTest.DetailPage_ShowImages -->
