<?xml version="1.0" encoding="UTF-8"?>
<!-- Generated by org.testng.reporters.JUnitReportReporter -->
<testsuite skipped="0" hostname="PR020921" name="dicovery.DeliveryOption.FileAuthority" tests="1" failures="0" timestamp="04 Jan 2018 16:35:30 GMT" time="14.502" errors="0">
  <testcase name="fileAuthority" time="14.502" classname="dicovery.DeliveryOption.FileAuthority"/>
</testsuite> <!-- dicovery.DeliveryOption.FileAuthority -->
