<?xml version="1.0" encoding="UTF-8"?>
<!-- Generated by org.testng.reporters.JUnitReportReporter -->
<testsuite skipped="0" hostname="PR020921" name="dicovery.DeliveryOption.Offsite" tests="1" failures="0" timestamp="04 Jan 2018 16:35:29 GMT" time="9.844" errors="0">
  <testcase name="offsite" time="9.844" classname="dicovery.DeliveryOption.Offsite"/>
</testsuite> <!-- dicovery.DeliveryOption.Offsite -->
