<?xml version="1.0" encoding="UTF-8"?>
<!-- Generated by org.testng.reporters.JUnitReportReporter -->
<testsuite skipped="0" hostname="PR020921" name="discovery.FindAnAichiveOnTest.FA_HomeNation" tests="4" failures="0" timestamp="10 Jan 2018 12:35:32 GMT" time="50.273" errors="0">
  <testcase name="secondHomeNation" time="12.950" classname="discovery.FindAnAichiveOnTest.FA_HomeNation"/>
  <testcase name="firstHomeNation" time="12.383" classname="discovery.FindAnAichiveOnTest.FA_HomeNation"/>
  <testcase name="ThirdHomeNation" time="12.529" classname="discovery.FindAnAichiveOnTest.FA_HomeNation"/>
  <testcase name="FourthHomeNation" time="12.411" classname="discovery.FindAnAichiveOnTest.FA_HomeNation"/>
</testsuite> <!-- discovery.FindAnAichiveOnTest.FA_HomeNation -->
