<?xml version="1.0" encoding="UTF-8"?>
<!-- Generated by org.testng.reporters.JUnitReportReporter -->
<testsuite skipped="0" hostname="PR020921" name="dicovery.DeliveryOption.OrderOriginal" tests="1" failures="0" timestamp="10 Jan 2018 12:35:31 GMT" time="20.635" errors="0">
  <testcase name="OrderOriginal" time="20.635" classname="dicovery.DeliveryOption.OrderOriginal"/>
</testsuite> <!-- dicovery.DeliveryOption.OrderOriginal -->
