<?xml version="1.0" encoding="UTF-8"?>
<!-- Generated by org.testng.reporters.JUnitReportReporter -->
<testsuite skipped="0" hostname="PR020921" name="discovery.TagOnTest.DuplicateAddTag" tests="1" failures="0" timestamp="10 Jan 2018 12:35:31 GMT" time="26.925" errors="0">
  <testcase name="tag" time="26.925" classname="discovery.TagOnTest.DuplicateAddTag"/>
</testsuite> <!-- discovery.TagOnTest.DuplicateAddTag -->
