<?xml version="1.0" encoding="UTF-8"?>
<!-- Generated by org.testng.reporters.JUnitReportReporter -->
<testsuite skipped="0" hostname="PR020921" name="discovery.BasicSearchOnTest.BS_NoOfRecordsPerPage15And30And60" tests="3" failures="0" timestamp="10 Jan 2018 12:35:31 GMT" time="75.805" errors="0">
  <testcase name="defalutRecordsPerPage" time="20.262" classname="discovery.BasicSearchOnTest.BS_NoOfRecordsPerPage15And30And60"/>
  <testcase name="click30" time="25.775" classname="discovery.BasicSearchOnTest.BS_NoOfRecordsPerPage15And30And60"/>
  <testcase name="click60" time="29.768" classname="discovery.BasicSearchOnTest.BS_NoOfRecordsPerPage15And30And60"/>
</testsuite> <!-- discovery.BasicSearchOnTest.BS_NoOfRecordsPerPage15And30And60 -->
