<?xml version="1.0" encoding="UTF-8"?>
<!-- Generated by org.testng.reporters.JUnitReportReporter -->
<testsuite skipped="0" hostname="PR020921" name="discovery.DownlaodRecordOnTest.Veriy_DownloadOption_InAccount" tests="1" failures="0" timestamp="10 Jan 2018 12:35:32 GMT" time="121.360" errors="0">
  <testcase name="verify_Download_InAccount" time="121.360" classname="discovery.DownlaodRecordOnTest.Veriy_DownloadOption_InAccount"/>
</testsuite> <!-- discovery.DownlaodRecordOnTest.Veriy_DownloadOption_InAccount -->
