<?xml version="1.0" encoding="UTF-8"?>
<!-- Generated by org.testng.reporters.JUnitReportReporter -->
<testsuite skipped="0" hostname="PR020921" name="cabinetPapersSearch.CabinetPapers_Educationresources" tests="1" failures="0" timestamp="05 Jan 2018 10:47:12 GMT" time="9.496" errors="0">
  <testcase name="cabinetSearch" time="9.496" classname="cabinetPapersSearch.CabinetPapers_Educationresources"/>
</testsuite> <!-- cabinetPapersSearch.CabinetPapers_Educationresources -->
