<?xml version="1.0" encoding="UTF-8"?>
<!-- Generated by org.testng.reporters.JUnitReportReporter -->
<testsuite skipped="0" hostname="PR020921" name="discovery.FindAnAichiveOnTest.FA_ExportFirst1000RecordCreatorAsHTML" tests="1" failures="0" timestamp="04 Jan 2018 16:35:28 GMT" time="29.112" errors="0">
  <testcase name="ExportFirst1000RecordCreatorAsHTML" time="29.112" classname="discovery.FindAnAichiveOnTest.FA_ExportFirst1000RecordCreatorAsHTML"/>
</testsuite> <!-- discovery.FindAnAichiveOnTest.FA_ExportFirst1000RecordCreatorAsHTML -->
