<?xml version="1.0" encoding="UTF-8"?>
<!-- Generated by org.testng.reporters.JUnitReportReporter -->
<testsuite skipped="0" hostname="PR020921" name="discovery.BasicSearchOnTest.BS_FilterResult_VerifyCollectionAndSubjects" tests="1" failures="0" timestamp="10 Jan 2018 12:35:30 GMT" time="32.447" errors="0">
  <testcase name="VerifyCollectionAndSubjects" time="32.447" classname="discovery.BasicSearchOnTest.BS_FilterResult_VerifyCollectionAndSubjects"/>
</testsuite> <!-- discovery.BasicSearchOnTest.BS_FilterResult_VerifyCollectionAndSubjects -->
