<?xml version="1.0" encoding="UTF-8"?>
<!-- Generated by org.testng.reporters.JUnitReportReporter -->
<testsuite skipped="0" hostname="PR020921" name="discovery.DetailPageOnTest.Detailpage_Found_Error" tests="1" failures="0" timestamp="06 Nov 2017 11:59:56 GMT" time="49.171" errors="0">
  <testcase name="verify_Found_Error" time="49.171" classname="discovery.DetailPageOnTest.Detailpage_Found_Error"/>
</testsuite> <!-- discovery.DetailPageOnTest.Detailpage_Found_Error -->
