<?xml version="1.0" encoding="UTF-8"?>
<!-- Generated by org.testng.reporters.JUnitReportReporter -->
<testsuite skipped="0" hostname="PR020921" name="fileauthorities_API.Discovery_API_Flieauthorities" tests="1" failures="0" timestamp="04 Jan 2018 16:35:28 GMT" time="1.280" errors="0">
  <testcase name="verifyFileAuthority" time="1.280" classname="fileauthorities_API.Discovery_API_Flieauthorities"/>
</testsuite> <!-- fileauthorities_API.Discovery_API_Flieauthorities -->
