<?xml version="1.0" encoding="UTF-8"?>
<!-- Generated by org.testng.reporters.JUnitReportReporter -->
<testsuite skipped="0" hostname="PR020921" name="discovery.Sar.Sar_HO45237211FoiRequest" tests="1" failures="0" timestamp="04 Jan 2018 16:35:29 GMT" time="13.042" errors="0">
  <testcase name="HO45237211FoiRequest" time="13.042" classname="discovery.Sar.Sar_HO45237211FoiRequest"/>
</testsuite> <!-- discovery.Sar.Sar_HO45237211FoiRequest -->
