<?xml version="1.0" encoding="UTF-8"?>
<!-- Generated by org.testng.reporters.JUnitReportReporter -->
<testsuite skipped="0" hostname="PR020921" name="cabinetPapersSearch.CabinetPapers_Document_descriptionOnly" tests="1" failures="0" timestamp="10 Jan 2018 12:35:31 GMT" time="7.846" errors="0">
  <testcase name="cabinetSearch" time="7.846" classname="cabinetPapersSearch.CabinetPapers_Document_descriptionOnly"/>
</testsuite> <!-- cabinetPapersSearch.CabinetPapers_Document_descriptionOnly -->
