<?xml version="1.0" encoding="UTF-8"?>
<!-- Generated by org.testng.reporters.JUnitReportReporter -->
<testsuite skipped="0" hostname="PR020921" name="discovery.FindAnAichiveOnTest.FA_ExportFirst1000RecordCreatorAsHTML" tests="1" failures="0" timestamp="10 Jan 2018 12:35:31 GMT" time="32.823" errors="0">
  <testcase name="ExportFirst1000RecordCreatorAsHTML" time="32.823" classname="discovery.FindAnAichiveOnTest.FA_ExportFirst1000RecordCreatorAsHTML"/>
</testsuite> <!-- discovery.FindAnAichiveOnTest.FA_ExportFirst1000RecordCreatorAsHTML -->
