<?xml version="1.0" encoding="UTF-8"?>
<!-- Generated by org.testng.reporters.JUnitReportReporter -->
<testsuite skipped="0" hostname="PR020921" name="discovery.BasicSearchOnTest.BS_VerifyTotalNoOfRRecordsAndRecordCreators" tests="1" failures="0" timestamp="04 Jan 2018 16:35:29 GMT" time="37.338" errors="0">
  <testcase name="VerifyTotalNoOfRRecordsAndRecordCreators" time="37.338" classname="discovery.BasicSearchOnTest.BS_VerifyTotalNoOfRRecordsAndRecordCreators"/>
</testsuite> <!-- discovery.BasicSearchOnTest.BS_VerifyTotalNoOfRRecordsAndRecordCreators -->
