<?xml version="1.0" encoding="UTF-8"?>
<!-- Generated by org.testng.reporters.JUnitReportReporter -->
<testsuite skipped="0" hostname="PR020921" name="discovery.Sar.Sar_RW33FQZFoiRequest" tests="1" failures="0" timestamp="04 Jan 2018 16:35:30 GMT" time="8.784" errors="0">
  <testcase name="RW33FQZFoiRequest" time="8.784" classname="discovery.Sar.Sar_RW33FQZFoiRequest"/>
</testsuite> <!-- discovery.Sar.Sar_RW33FQZFoiRequest -->
