<?xml version="1.0" encoding="UTF-8"?>
<!-- Generated by org.testng.reporters.JUnitReportReporter -->
<testsuite skipped="0" hostname="PR020921" name="dicovery.DeliveryOption.Onloan" tests="1" failures="0" timestamp="10 Jan 2018 12:35:31 GMT" time="10.463" errors="0">
  <testcase name="onloan" time="10.463" classname="dicovery.DeliveryOption.Onloan"/>
</testsuite> <!-- dicovery.DeliveryOption.Onloan -->
