<?xml version="1.0" encoding="UTF-8"?>
<!-- Generated by org.testng.reporters.JUnitReportReporter -->
<testsuite skipped="0" hostname="PR020921" name="dicovery.DeliveryOption.DisplayAtMuseum" tests="1" failures="0" timestamp="04 Jan 2018 16:35:30 GMT" time="13.118" errors="0">
  <testcase name="displayAtMuseum" time="13.118" classname="dicovery.DeliveryOption.DisplayAtMuseum"/>
</testsuite> <!-- dicovery.DeliveryOption.DisplayAtMuseum -->
