<?xml version="1.0" encoding="UTF-8"?>
<!-- Generated by org.testng.reporters.JUnitReportReporter -->
<testsuite skipped="0" hostname="PR020921" name="discovery.BasicSearchOnTest.BS_LessThan10000_ExportAllRecordCreatorsAsCSV" tests="1" failures="0" timestamp="04 Jan 2018 16:35:31 GMT" time="44.533" errors="0">
  <testcase name="ExportAllRecordCreatorsAsCSV" time="44.533" classname="discovery.BasicSearchOnTest.BS_LessThan10000_ExportAllRecordCreatorsAsCSV"/>
</testsuite> <!-- discovery.BasicSearchOnTest.BS_LessThan10000_ExportAllRecordCreatorsAsCSV -->
