<?xml version="1.0" encoding="UTF-8"?>
<!-- Generated by org.testng.reporters.JUnitReportReporter -->
<testsuite skipped="0" hostname="PR020921" name="discovery.DetailPageOnTest.CopyOfDetailPage_CouldThisPageBeImproved_Yes" tests="1" failures="0" timestamp="20 Nov 2017 15:28:38 GMT" time="8.701" errors="0">
  <testcase name="DetailPage_ErrorOnRecordDescription" time="8.701" classname="discovery.DetailPageOnTest.CopyOfDetailPage_CouldThisPageBeImproved_Yes"/>
</testsuite> <!-- discovery.DetailPageOnTest.CopyOfDetailPage_CouldThisPageBeImproved_Yes -->
