<?xml version="1.0" encoding="UTF-8"?>
<!-- Generated by org.testng.reporters.JUnitReportReporter -->
<testsuite skipped="0" hostname="PR020921" name="dicovery.DeliveryOption.FileAuthority" tests="1" failures="0" timestamp="10 Jan 2018 12:35:31 GMT" time="15.177" errors="0">
  <testcase name="fileAuthority" time="15.177" classname="dicovery.DeliveryOption.FileAuthority"/>
</testsuite> <!-- dicovery.DeliveryOption.FileAuthority -->
