<?xml version="1.0" encoding="UTF-8"?>
<!-- Generated by org.testng.reporters.JUnitReportReporter -->
<testsuite skipped="0" hostname="PR020921" name="discovery.Ecommerce.WO416" tests="1" failures="0" timestamp="04 Jan 2018 16:35:29 GMT" time="58.828" errors="0">
  <testcase name="WO416" time="58.828" classname="discovery.Ecommerce.WO416"/>
</testsuite> <!-- discovery.Ecommerce.WO416 -->
