<?xml version="1.0" encoding="UTF-8"?>
<!-- Generated by org.testng.reporters.JUnitReportReporter -->
<testsuite skipped="0" hostname="PR020921" name="dicovery.DeliveryOption.AcademicSubscription" tests="1" failures="0" timestamp="10 Jan 2018 12:35:32 GMT" time="15.207" errors="0">
  <testcase name="academicSubscription" time="15.207" classname="dicovery.DeliveryOption.AcademicSubscription"/>
</testsuite> <!-- dicovery.DeliveryOption.AcademicSubscription -->
