<?xml version="1.0" encoding="UTF-8"?>
<!-- Generated by org.testng.reporters.JUnitReportReporter -->
<testsuite skipped="0" hostname="PR020921" name="discovery.SingleSignOnTest.SS_NoAcceptTerm" tests="1" failures="0" timestamp="10 Jan 2018 12:35:31 GMT" time="10.363" errors="0">
  <testcase name="NoAcceptTerm" time="10.363" classname="discovery.SingleSignOnTest.SS_NoAcceptTerm"/>
</testsuite> <!-- discovery.SingleSignOnTest.SS_NoAcceptTerm -->
