<?xml version="1.0" encoding="UTF-8"?>
<!-- Generated by org.testng.reporters.JUnitReportReporter -->
<testsuite skipped="0" hostname="PR020921" name="discovery.Sar.Sar_CAB1343025Retention" tests="1" failures="0" timestamp="04 Jan 2018 16:35:30 GMT" time="9.912" errors="0">
  <testcase name="CAB1343025Retention" time="9.912" classname="discovery.Sar.Sar_CAB1343025Retention"/>
</testsuite> <!-- discovery.Sar.Sar_CAB1343025Retention -->
