<?xml version="1.0" encoding="UTF-8"?>
<!-- Generated by org.testng.reporters.JUnitReportReporter -->
<testsuite skipped="0" hostname="PR020921" name="theCabinetPapers.CaabinetPapers_search" tests="1" failures="0" timestamp="27 Nov 2017 11:42:49 GMT" time="9.369" errors="0">
  <testcase name="cabinetSearch" time="9.369" classname="theCabinetPapers.CaabinetPapers_search"/>
</testsuite> <!-- theCabinetPapers.CaabinetPapers_search -->
