<?xml version="1.0" encoding="UTF-8"?>
<!-- Generated by org.testng.reporters.JUnitReportReporter -->
<testsuite skipped="0" hostname="PR020921" name="fileauthorities_API.Discovery_API_Flieauthorities" tests="1" failures="0" timestamp="10 Jan 2018 12:35:31 GMT" time="0.405" errors="0">
  <testcase name="verifyFileAuthority" time="0.405" classname="fileauthorities_API.Discovery_API_Flieauthorities"/>
</testsuite> <!-- fileauthorities_API.Discovery_API_Flieauthorities -->
