<?xml version="1.0" encoding="UTF-8"?>
<!-- Generated by org.testng.reporters.JUnitReportReporter -->
<testsuite skipped="0" hostname="PR020921" name="discovery.AdvancedSearchOnTest.AS_Records_SpecificDate_SearchAll" tests="1" failures="0" timestamp="04 Jan 2018 16:35:31 GMT" time="40.836" errors="0">
  <testcase name="SpecificDate_SearchAll" time="40.836" classname="discovery.AdvancedSearchOnTest.AS_Records_SpecificDate_SearchAll"/>
</testsuite> <!-- discovery.AdvancedSearchOnTest.AS_Records_SpecificDate_SearchAll -->
