<?xml version="1.0" encoding="UTF-8"?>
<!-- Generated by org.testng.reporters.JUnitReportReporter -->
<testsuite skipped="0" hostname="PR020921" name="dicovery.DeliveryOption.DigitizedDiscoveryForSurrogate" tests="1" failures="0" timestamp="04 Jan 2018 16:35:28 GMT" time="19.809" errors="0">
  <testcase name="digitizedDiscoveryForSurrogate" time="19.809" classname="dicovery.DeliveryOption.DigitizedDiscoveryForSurrogate"/>
</testsuite> <!-- dicovery.DeliveryOption.DigitizedDiscoveryForSurrogate -->
