<?xml version="1.0" encoding="UTF-8"?>
<!-- Generated by org.testng.reporters.JUnitReportReporter -->
<testsuite skipped="0" hostname="PR020921" name="discovery.AdvancedSearchOnTest.AS_ClosureStatus_PartiallyOpen_AnyTime" tests="1" failures="0" timestamp="04 Jan 2018 16:35:30 GMT" time="30.805" errors="0">
  <testcase name="PartiallyOpen_AnyTime" time="30.805" classname="discovery.AdvancedSearchOnTest.AS_ClosureStatus_PartiallyOpen_AnyTime"/>
</testsuite> <!-- discovery.AdvancedSearchOnTest.AS_ClosureStatus_PartiallyOpen_AnyTime -->
