<?xml version="1.0" encoding="UTF-8"?>
<!-- Generated by org.testng.reporters.JUnitReportReporter -->
<testsuite skipped="0" hostname="PR020921" name="dicovery.DeliveryOption.DigitizedLia" tests="1" failures="0" timestamp="10 Jan 2018 12:35:31 GMT" time="9.983" errors="0">
  <testcase name="digitizedLia" time="9.983" classname="dicovery.DeliveryOption.DigitizedLia"/>
</testsuite> <!-- dicovery.DeliveryOption.DigitizedLia -->
