<?xml version="1.0" encoding="UTF-8"?>
<!-- Generated by org.testng.reporters.JUnitReportReporter -->
<testsuite skipped="0" hostname="PR020921" name="discovery.Ecommerce.DigitizedAddToBasket" tests="1" failures="0" timestamp="10 Jan 2018 12:35:31 GMT" time="36.426" errors="0">
  <testcase name="DigitizedAddToBasket" time="36.426" classname="discovery.Ecommerce.DigitizedAddToBasket"/>
</testsuite> <!-- discovery.Ecommerce.DigitizedAddToBasket -->
