<?xml version="1.0" encoding="UTF-8"?>
<!-- Generated by org.testng.reporters.JUnitReportReporter -->
<testsuite skipped="0" hostname="PR020921" name="discovery.TagOnTest.StopListTag" tests="1" failures="0" timestamp="04 Jan 2018 16:35:30 GMT" time="30.592" errors="0">
  <testcase name="tag" time="30.592" classname="discovery.TagOnTest.StopListTag"/>
</testsuite> <!-- discovery.TagOnTest.StopListTag -->
