<?xml version="1.0" encoding="UTF-8"?>
<!-- Generated by org.testng.reporters.JUnitReportReporter -->
<testsuite skipped="0" hostname="PR020921" name="dicovery.DeliveryOption.Offsite" tests="1" failures="0" timestamp="10 Jan 2018 12:35:31 GMT" time="10.216" errors="0">
  <testcase name="offsite" time="10.216" classname="dicovery.DeliveryOption.Offsite"/>
</testsuite> <!-- dicovery.DeliveryOption.Offsite -->
